[23-Mar-2020 16:39:13 UTC] PHP Warning:  file_exists(): open_basedir restriction in effect. File(/srv/wp-load.php) is not within the allowed path(s): (/srv/www/:/tmp) in /srv/www/camisetas.codigo.co.uk/current/web/app/plugins/woocommerce-abandoned-cart/cron/wcal_send_email.php on line 18
[23-Mar-2020 16:39:13 UTC] PHP Stack trace:
[23-Mar-2020 16:39:13 UTC] PHP   1. {main}() /srv/www/camisetas.codigo.co.uk/current/web/index.php:0
[23-Mar-2020 16:39:13 UTC] PHP   2. require() /srv/www/camisetas.codigo.co.uk/current/web/index.php:6
[23-Mar-2020 16:39:13 UTC] PHP   3. require_once() /srv/www/camisetas.codigo.co.uk/current/web/wp/wp-blog-header.php:13
[23-Mar-2020 16:39:13 UTC] PHP   4. require_once() /srv/www/camisetas.codigo.co.uk/current/web/wp/wp-load.php:42
[23-Mar-2020 16:39:13 UTC] PHP   5. require_once() /srv/www/camisetas.codigo.co.uk/current/web/wp-config.php:9
[23-Mar-2020 16:39:13 UTC] PHP   6. include_once() /srv/www/camisetas.codigo.co.uk/current/web/wp/wp-settings.php:360
[23-Mar-2020 16:39:13 UTC] PHP   7. woocommerce_abandon_cart_lite->__construct() /srv/www/camisetas.codigo.co.uk/current/web/app/plugins/woocommerce-abandoned-cart/woocommerce-ac.php:3312
[23-Mar-2020 16:39:13 UTC] PHP   8. require_once() /srv/www/camisetas.codigo.co.uk/current/web/app/plugins/woocommerce-abandoned-cart/woocommerce-ac.php:136
[23-Mar-2020 16:39:13 UTC] PHP   9. file_exists() /srv/www/camisetas.codigo.co.uk/current/web/app/plugins/woocommerce-abandoned-cart/cron/wcal_send_email.php:18
[23-Mar-2020 16:39:13 UTC] PHP Warning:  file_exists(): open_basedir restriction in effect. File(/srv/wp-load.php) is not within the allowed path(s): (/srv/www/:/tmp) in /srv/www/camisetas.codigo.co.uk/current/web/app/plugins/woocommerce-abandoned-cart/cron/wcal_send_email.php on line 25
[23-Mar-2020 16:39:13 UTC] PHP Stack trace:
[23-Mar-2020 16:39:13 UTC] PHP   1. {main}() /srv/www/camisetas.codigo.co.uk/current/web/index.php:0
[23-Mar-2020 16:39:13 UTC] PHP   2. require() /srv/www/camisetas.codigo.co.uk/current/web/index.php:6
[23-Mar-2020 16:39:13 UTC] PHP   3. require_once() /srv/www/camisetas.codigo.co.uk/current/web/wp/wp-blog-header.php:13
[23-Mar-2020 16:39:13 UTC] PHP   4. require_once() /srv/www/camisetas.codigo.co.uk/current/web/wp/wp-load.php:42
[23-Mar-2020 16:39:13 UTC] PHP   5. require_once() /srv/www/camisetas.codigo.co.uk/current/web/wp-config.php:9
[23-Mar-2020 16:39:13 UTC] PHP   6. include_once() /srv/www/camisetas.codigo.co.uk/current/web/wp/wp-settings.php:360
[23-Mar-2020 16:39:13 UTC] PHP   7. woocommerce_abandon_cart_lite->__construct() /srv/www/camisetas.codigo.co.uk/current/web/app/plugins/woocommerce-abandoned-cart/woocommerce-ac.php:3312
[23-Mar-2020 16:39:13 UTC] PHP   8. require_once() /srv/www/camisetas.codigo.co.uk/current/web/app/plugins/woocommerce-abandoned-cart/woocommerce-ac.php:136
[23-Mar-2020 16:39:13 UTC] PHP   9. file_exists() /srv/www/camisetas.codigo.co.uk/current/web/app/plugins/woocommerce-abandoned-cart/cron/wcal_send_email.php:25
[23-Mar-2020 16:39:16 UTC] PHP Warning:  file_exists(): open_basedir restriction in effect. File(/srv/wp-load.php) is not within the allowed path(s): (/srv/www/:/tmp) in /srv/www/camisetas.codigo.co.uk/current/web/app/plugins/woocommerce-abandoned-cart/cron/wcal_send_email.php on line 18
[23-Mar-2020 16:39:16 UTC] PHP Stack trace:
[23-Mar-2020 16:39:16 UTC] PHP   1. {main}() /srv/www/camisetas.codigo.co.uk/current/web/index.php:0
[23-Mar-2020 16:39:16 UTC] PHP   2. require() /srv/www/camisetas.codigo.co.uk/current/web/index.php:6
[23-Mar-2020 16:39:16 UTC] PHP   3. require_once() /srv/www/camisetas.codigo.co.uk/current/web/wp/wp-blog-header.php:13
[23-Mar-2020 16:39:16 UTC] PHP   4. require_once() /srv/www/camisetas.codigo.co.uk/current/web/wp/wp-load.php:42
[23-Mar-2020 16:39:16 UTC] PHP   5. require_once() /srv/www/camisetas.codigo.co.uk/current/web/wp-config.php:9
[23-Mar-2020 16:39:16 UTC] PHP   6. include_once() /srv/www/camisetas.codigo.co.uk/current/web/wp/wp-settings.php:360
[23-Mar-2020 16:39:16 UTC] PHP   7. woocommerce_abandon_cart_lite->__construct() /srv/www/camisetas.codigo.co.uk/current/web/app/plugins/woocommerce-abandoned-cart/woocommerce-ac.php:3312
[23-Mar-2020 16:39:16 UTC] PHP   8. require_once() /srv/www/camisetas.codigo.co.uk/current/web/app/plugins/woocommerce-abandoned-cart/woocommerce-ac.php:136
[23-Mar-2020 16:39:16 UTC] PHP   9. file_exists() /srv/www/camisetas.codigo.co.uk/current/web/app/plugins/woocommerce-abandoned-cart/cron/wcal_send_email.php:18
[23-Mar-2020 16:39:16 UTC] PHP Warning:  file_exists(): open_basedir restriction in effect. File(/srv/wp-load.php) is not within the allowed path(s): (/srv/www/:/tmp) in /srv/www/camisetas.codigo.co.uk/current/web/app/plugins/woocommerce-abandoned-cart/cron/wcal_send_email.php on line 25
[23-Mar-2020 16:39:16 UTC] PHP Stack trace:
[23-Mar-2020 16:39:16 UTC] PHP   1. {main}() /srv/www/camisetas.codigo.co.uk/current/web/index.php:0
[23-Mar-2020 16:39:16 UTC] PHP   2. require() /srv/www/camisetas.codigo.co.uk/current/web/index.php:6
[23-Mar-2020 16:39:16 UTC] PHP   3. require_once() /srv/www/camisetas.codigo.co.uk/current/web/wp/wp-blog-header.php:13
[23-Mar-2020 16:39:16 UTC] PHP   4. require_once() /srv/www/camisetas.codigo.co.uk/current/web/wp/wp-load.php:42
[23-Mar-2020 16:39:16 UTC] PHP   5. require_once() /srv/www/camisetas.codigo.co.uk/current/web/wp-config.php:9
[23-Mar-2020 16:39:16 UTC] PHP   6. include_once() /srv/www/camisetas.codigo.co.uk/current/web/wp/wp-settings.php:360
[23-Mar-2020 16:39:16 UTC] PHP   7. woocommerce_abandon_cart_lite->__construct() /srv/www/camisetas.codigo.co.uk/current/web/app/plugins/woocommerce-abandoned-cart/woocommerce-ac.php:3312
[23-Mar-2020 16:39:16 UTC] PHP   8. require_once() /srv/www/camisetas.codigo.co.uk/current/web/app/plugins/woocommerce-abandoned-cart/woocommerce-ac.php:136
[23-Mar-2020 16:39:16 UTC] PHP   9. file_exists() /srv/www/camisetas.codigo.co.uk/current/web/app/plugins/woocommerce-abandoned-cart/cron/wcal_send_email.php:25
